<?xml version="1.0" encoding="utf-8"?><testsuites name="pytest tests"><testsuite name="pytest" errors="0" failures="0" skipped="0" tests="22" time="20.784" timestamp="2026-07-04T16:12:06.010720+00:00" hostname="agent-env-f316a5a8-908f-409d-8862-d381c40b4f24"><testcase classname="backend.tests.test_rythumitra_backend.TestAuth" name="test_register_duplicate_returns_409" time="0.536" /><testcase classname="backend.tests.test_rythumitra_backend.TestAuth" name="test_login_wrong_password_401" time="0.268" /><testcase classname="backend.tests.test_rythumitra_backend.TestAuth" name="test_login_returns_token_and_user" time="0.267" /><testcase classname="backend.tests.test_rythumitra_backend.TestAuth" name="test_me_without_token_401" time="0.131" /><testcase classname="backend.tests.test_rythumitra_backend.TestAuth" name="test_me_with_token_ok" time="0.105" /><testcase classname="backend.tests.test_rythumitra_backend.TestAuth" name="test_patch_me_updates_language" time="0.339" /><testcase classname="backend.tests.test_rythumitra_backend.TestFieldsDevices" name="test_fields_seeded" time="0.105" /><testcase classname="backend.tests.test_rythumitra_backend.TestFieldsDevices" name="test_devices_seeded" time="0.105" /><testcase classname="backend.tests.test_rythumitra_backend.TestFieldsDevices" name="test_toggle_device_flips_connected" time="0.305" /><testcase classname="backend.tests.test_rythumitra_backend.TestFieldsDevices" name="test_control_device_actions[start-running]" time="0.205" /><testcase classname="backend.tests.test_rythumitra_backend.TestFieldsDevices" name="test_control_device_actions[pause-paused]" time="0.269" /><testcase classname="backend.tests.test_rythumitra_backend.TestFieldsDevices" name="test_control_device_actions[stop-stopped]" time="0.246" /><testcase classname="backend.tests.test_rythumitra_backend.TestFieldsDevices" name="test_control_device_actions[refresh-None]" time="0.200" /><testcase classname="backend.tests.test_rythumitra_backend.TestFieldsDevices" name="test_control_device_actions[sync-None]" time="0.208" /><testcase classname="backend.tests.test_rythumitra_backend.TestSensors" name="test_live_sensors_returns_full_payload" time="0.205" /><testcase classname="backend.tests.test_rythumitra_backend.TestSensors" name="test_live_sensors_values_change_over_time" time="5.334" /><testcase classname="backend.tests.test_rythumitra_backend.TestAdvice" name="test_rule_based_advice" time="0.208" /><testcase classname="backend.tests.test_rythumitra_backend.TestAdvice" name="test_claude_advice_returns_recommendations" time="10.497" /><testcase classname="backend.tests.test_rythumitra_backend.TestPlanner" name="test_planner_returns_wheat_cycle" time="0.145" /><testcase classname="backend.tests.test_rythumitra_backend.TestPlanner" name="test_planner_complete_task" time="0.295" /><testcase classname="backend.tests.test_rythumitra_backend.TestPlanner" name="test_planner_reminders_toggle" time="0.203" /><testcase classname="backend.tests.test_rythumitra_backend.TestNoObjectIdLeak" name="test_no_underscore_id_in_any_response" time="0.390" /></testsuite></testsuites>